Using pre-set license
Built from '2020.3/staging' branch; Version is '2020.3.5f1 (8095aa901b9b) revision 8426922'; Using compiler version '192528614'; Build Type 'Release'
OS: 'Windows 10 Home; OS build 19044.1889; Version 2009; 64bit' Language: 'en' Physical Memory: 8041 MB
BatchMode: 1, IsHumanControllingUs: 0, StartBugReporterOnCrash: 0, Is64bit: 1, IsPro: 0

 COMMAND LINE ARGUMENTS:
C:\Program Files\Unity\Hub\Editor\2020.3.5f1\Editor\Unity.exe
-adb2
-batchMode
-noUpm
-name
AssetImportWorker0
-projectPath
C:/Users/tylan/Documents/Unity/Pair Pong
-logFile
Logs/AssetImportWorker0.log
-srvPort
62643
Successfully changed project path to: C:/Users/tylan/Documents/Unity/Pair Pong
C:/Users/tylan/Documents/Unity/Pair Pong
Using Asset Import Pipeline V2.
Refreshing native plugins compatible for Editor in 69.26 ms, found 0 plugins.
Preloading 0 native plugins for Editor in 0.00 ms.
Initialize engine version: 2020.3.5f1 (8095aa901b9b)
[Subsystems] Discovering subsystems at path C:/Program Files/Unity/Hub/Editor/2020.3.5f1/Editor/Data/Resources/UnitySubsystems
[Subsystems] Discovering subsystems at path C:/Users/tylan/Documents/Unity/Pair Pong/Assets
GfxDevice: creating device client; threaded=0
Direct3D:
    Version:  Direct3D 11.0 [level 11.0]
    Renderer: NVIDIA GeForce GTX 960M (ID=0x139b)
    Vendor:   
    VRAM:     2010 MB
    Driver:   31.0.15.1694
Initialize mono
Mono path[0] = 'C:/Program Files/Unity/Hub/Editor/2020.3.5f1/Editor/Data/Managed'
Mono path[1] = 'C:/Program Files/Unity/Hub/Editor/2020.3.5f1/Editor/Data/MonoBleedingEdge/lib/mono/unityjit'
Mono config path = 'C:/Program Files/Unity/Hub/Editor/2020.3.5f1/Editor/Data/MonoBleedingEdge/etc'
Using monoOptions --debugger-agent=transport=dt_socket,embedding=1,server=y,suspend=n,address=127.0.0.1:56600
Begin MonoManager ReloadAssembly
Registering precompiled unity dll's ...
Register platform support module: C:/Program Files/Unity/Hub/Editor/2020.3.5f1/Editor/Data/PlaybackEngines/WebGLSupport/UnityEditor.WebGL.Extensions.dll
Register platform support module: C:/Program Files/Unity/Hub/Editor/2020.3.5f1/Editor/Data/PlaybackEngines/WindowsStandaloneSupport/UnityEditor.WindowsStandalone.Extensions.dll
Registered in 0.008349 seconds.
Native extension for WindowsStandalone target not found
Native extension for WebGL target not found
Refreshing native plugins compatible for Editor in 114.52 ms, found 0 plugins.
Preloading 0 native plugins for Editor in 0.00 ms.
Mono: successfully reloaded assembly
- Completed reload, in  4.539 seconds
Platform modules already initialized, skipping
Registering precompiled user dll's ...
Registered in 0.305991 seconds.
Begin MonoManager ReloadAssembly
Native extension for WindowsStandalone target not found
Native extension for WebGL target not found
Refreshing native plugins compatible for Editor in 56.89 ms, found 0 plugins.
Preloading 0 native plugins for Editor in 0.00 ms.
Mono: successfully reloaded assembly
- Completed reload, in  1.340 seconds
Platform modules already initialized, skipping
========================================================================
Worker process is ready to serve import requests
Shader 'Universal Render Pipeline/Particles/Lit': fallback shader 'Universal Render Pipeline/Particles/SimpleLit' not found
Shader 'Universal Render Pipeline/Particles/Lit': fallback shader 'Universal Render Pipeline/Particles/SimpleLit' not found
Launched and connected shader compiler UnityShaderCompiler.exe after 0.07 seconds
Refreshing native plugins compatible for Editor in 0.42 ms, found 0 plugins.
Preloading 0 native plugins for Editor in 0.00 ms.
Unloading 2421 Unused Serialized files (Serialized files now loaded: 0)
System memory in use before: 113.2 MB.
System memory in use after: 110.3 MB.

Unloading 45 unused Assets to reduce memory usage. Loaded Objects now: 2827.
Total: 6.343400 ms (FindLiveObjects: 0.433200 ms CreateObjectMapping: 0.254100 ms MarkObjects: 3.375600 ms  DeleteObjects: 2.278600 ms)

========================================================================
Received Import Request.
  path: Assets/Readme.asset
  artifactKey: Guid(83c2ed844a8c74b779a4c823d16594b1) Importer(815301076,1909f56bfc062723c751e8b465ee728b)
Start importing Assets/Readme.asset using Guid(83c2ed844a8c74b779a4c823d16594b1) Importer(815301076,1909f56bfc062723c751e8b465ee728b)  -> (artifact id: 'fa7ed051ced4084210995b9ef96a3a7f') in 0.083628 seconds
  Import took 0.091099 seconds .

========================================================================
Received Import Request.
  Time since last request: 9.162170 seconds.
  path: Assets/Settings/ForwardRenderer.asset
  artifactKey: Guid(4a8e21d5c33334b11b34a596161b9360) Importer(815301076,1909f56bfc062723c751e8b465ee728b)
Start importing Assets/Settings/ForwardRenderer.asset using Guid(4a8e21d5c33334b11b34a596161b9360) Importer(815301076,1909f56bfc062723c751e8b465ee728b)  -> (artifact id: '6f79e51202f07996c29475adfc0bf585') in 0.012665 seconds
  Import took 0.019183 seconds .

========================================================================
Received Import Request.
  Time since last request: 0.000287 seconds.
  path: Assets/Settings/SampleSceneProfile.asset
  artifactKey: Guid(10fc4df2da32a41aaa32d77bc913491c) Importer(815301076,1909f56bfc062723c751e8b465ee728b)
Start importing Assets/Settings/SampleSceneProfile.asset using Guid(10fc4df2da32a41aaa32d77bc913491c) Importer(815301076,1909f56bfc062723c751e8b465ee728b)  -> (artifact id: '9dd4b2b05a24c2ef6718d98fc4f81ea6') in 0.028333 seconds
  Import took 0.034682 seconds .

========================================================================
Received Import Request.
  Time since last request: 0.000953 seconds.
  path: Assets/Settings/UniversalRP-LowQuality.asset
  artifactKey: Guid(a31e9f9f9c9d4b9429ed0d1234e22103) Importer(815301076,1909f56bfc062723c751e8b465ee728b)
Start importing Assets/Settings/UniversalRP-LowQuality.asset using Guid(a31e9f9f9c9d4b9429ed0d1234e22103) Importer(815301076,1909f56bfc062723c751e8b465ee728b)  -> (artifact id: '9ae6d53b897516bb8e19d1cf1fdf5643') in 0.019252 seconds
  Import took 0.025902 seconds .

========================================================================
Received Import Request.
  Time since last request: 0.000259 seconds.
  path: Assets/Settings/UniversalRP-MediumQuality.asset
  artifactKey: Guid(d847b876476d3d6468f5dfcd34266f96) Importer(815301076,1909f56bfc062723c751e8b465ee728b)
Start importing Assets/Settings/UniversalRP-MediumQuality.asset using Guid(d847b876476d3d6468f5dfcd34266f96) Importer(815301076,1909f56bfc062723c751e8b465ee728b)  -> (artifact id: '04eac606c4ab802ee3ffe392f8ae89a0') in 0.015160 seconds
  Import took 0.024747 seconds .

========================================================================
Received Import Request.
  Time since last request: 0.000251 seconds.
  path: Assets/Settings/UniversalRP-HighQuality.asset
  artifactKey: Guid(19ba41d7c0026c3459d37c2fe90c55a0) Importer(815301076,1909f56bfc062723c751e8b465ee728b)
Start importing Assets/Settings/UniversalRP-HighQuality.asset using Guid(19ba41d7c0026c3459d37c2fe90c55a0) Importer(815301076,1909f56bfc062723c751e8b465ee728b)  -> (artifact id: 'e6e004c20550493b0077b859a97c0df1') in 0.019729 seconds
  Import took 0.028122 seconds .

========================================================================
Received Import Request.
  Time since last request: 3.646967 seconds.
  path: Assets
  artifactKey: Guid(00000000000000001000000000000000) Importer(815301076,1909f56bfc062723c751e8b465ee728b)
Start importing Assets using Guid(00000000000000001000000000000000) Importer(815301076,1909f56bfc062723c751e8b465ee728b)  -> (artifact id: 'e4856052512617ee48189cf1d7999900') in 0.011262 seconds
  Import took 0.018091 seconds .

========================================================================
Received Import Request.
  Time since last request: 0.079525 seconds.
  path: Assets
  artifactKey: Guid(00000000000000001000000000000000) Importer(815301076,1909f56bfc062723c751e8b465ee728b)
Start importing Assets using Guid(00000000000000001000000000000000) Importer(815301076,1909f56bfc062723c751e8b465ee728b)  -> (artifact id: 'e4856052512617ee48189cf1d7999900') in 0.005727 seconds
  Import took 0.014529 seconds .

========================================================================
Received Import Request.
  Time since last request: 13.349277 seconds.
  path: Assets/URP
  artifactKey: Guid(40b921f0d97d5ae4b9cca67e6fec1d54) Importer(815301076,1909f56bfc062723c751e8b465ee728b)
Start importing Assets/URP using Guid(40b921f0d97d5ae4b9cca67e6fec1d54) Importer(815301076,1909f56bfc062723c751e8b465ee728b)  -> (artifact id: 'e3404672f12c0323878df3273113337c') in 0.008924 seconds
  Import took 4.482829 seconds .

========================================================================
Received Prepare
Registering precompiled user dll's ...
Registered in 0.001615 seconds.
Begin MonoManager ReloadAssembly
Native extension for WindowsStandalone target not found
Native extension for WebGL target not found
Refreshing native plugins compatible for Editor in 0.47 ms, found 0 plugins.
Preloading 0 native plugins for Editor in 0.00 ms.
Mono: successfully reloaded assembly
- Completed reload, in  1.147 seconds
Platform modules already initialized, skipping
Shader 'Universal Render Pipeline/Particles/Lit': fallback shader 'Universal Render Pipeline/Particles/SimpleLit' not found
Shader 'Universal Render Pipeline/Particles/Lit': fallback shader 'Universal Render Pipeline/Particles/SimpleLit' not found
Refreshing native plugins compatible for Editor in 0.43 ms, found 0 plugins.
Preloading 0 native plugins for Editor in 0.00 ms.
Unloading 2348 Unused Serialized files (Serialized files now loaded: 0)
System memory in use before: 109.6 MB.
System memory in use after: 106.8 MB.

Unloading 40 unused Assets to reduce memory usage. Loaded Objects now: 2832.
Total: 3.943900 ms (FindLiveObjects: 0.332300 ms CreateObjectMapping: 0.160200 ms MarkObjects: 1.982300 ms  DeleteObjects: 1.467700 ms)

========================================================================
Received Import Request.
  Time since last request: 11.834926 seconds.
  path: Assets/Sceness
  artifactKey: Guid(1a282eda938457f4384f4211d360ee87) Importer(815301076,1909f56bfc062723c751e8b465ee728b)
Start importing Assets/Sceness using Guid(1a282eda938457f4384f4211d360ee87) Importer(815301076,1909f56bfc062723c751e8b465ee728b)  -> (artifact id: '0ffe53a6d3de264cb5435270da5f954d') in 0.013715 seconds
  Import took 0.018286 seconds .

========================================================================
Received Import Request.
  Time since last request: 0.003755 seconds.
  path: Assets/Sceness
  artifactKey: Guid(1a282eda938457f4384f4211d360ee87) Importer(815301076,1909f56bfc062723c751e8b465ee728b)
Start importing Assets/Sceness using Guid(1a282eda938457f4384f4211d360ee87) Importer(815301076,1909f56bfc062723c751e8b465ee728b)  -> (artifact id: '0ffe53a6d3de264cb5435270da5f954d') in 0.003168 seconds
  Import took 0.010916 seconds .

========================================================================
Received Import Request.
  Time since last request: 12.682009 seconds.
  path: Assets/Sceness/GameScene.unity
  artifactKey: Guid(3ec46e88521e7cb4d84d40705774ff14) Importer(815301076,1909f56bfc062723c751e8b465ee728b)
Start importing Assets/Sceness/GameScene.unity using Guid(3ec46e88521e7cb4d84d40705774ff14) Importer(815301076,1909f56bfc062723c751e8b465ee728b)  -> (artifact id: '7221f439729511b08e1e98a83b1d72e1') in 0.028659 seconds
  Import took 0.035953 seconds .

========================================================================
Received Import Request.
  Time since last request: 0.001485 seconds.
  path: Assets/Sceness/GameScene.unity
  artifactKey: Guid(3ec46e88521e7cb4d84d40705774ff14) Importer(815301076,1909f56bfc062723c751e8b465ee728b)
Start importing Assets/Sceness/GameScene.unity using Guid(3ec46e88521e7cb4d84d40705774ff14) Importer(815301076,1909f56bfc062723c751e8b465ee728b)  -> (artifact id: '7221f439729511b08e1e98a83b1d72e1') in 0.003612 seconds
  Import took 0.012324 seconds .

========================================================================
Received Prepare
Registering precompiled user dll's ...
Registered in 0.001901 seconds.
Begin MonoManager ReloadAssembly
Native extension for WindowsStandalone target not found
Native extension for WebGL target not found
Refreshing native plugins compatible for Editor in 0.63 ms, found 0 plugins.
Preloading 0 native plugins for Editor in 0.00 ms.
Mono: successfully reloaded assembly
- Completed reload, in  1.596 seconds
Platform modules already initialized, skipping
Shader 'Universal Render Pipeline/Particles/Lit': fallback shader 'Universal Render Pipeline/Particles/SimpleLit' not found
Shader 'Universal Render Pipeline/Particles/Lit': fallback shader 'Universal Render Pipeline/Particles/SimpleLit' not found
Refreshing native plugins compatible for Editor in 0.62 ms, found 0 plugins.
Preloading 0 native plugins for Editor in 0.00 ms.
Unloading 2346 Unused Serialized files (Serialized files now loaded: 0)
System memory in use before: 109.6 MB.
System memory in use after: 106.9 MB.

Unloading 40 unused Assets to reduce memory usage. Loaded Objects now: 2835.
Total: 5.954100 ms (FindLiveObjects: 0.521300 ms CreateObjectMapping: 0.257000 ms MarkObjects: 2.644000 ms  DeleteObjects: 2.530000 ms)

========================================================================
Received Prepare
Registering precompiled user dll's ...
Registered in 0.001634 seconds.
Begin MonoManager ReloadAssembly
Native extension for WindowsStandalone target not found
Native extension for WebGL target not found
Refreshing native plugins compatible for Editor in 0.58 ms, found 0 plugins.
Preloading 0 native plugins for Editor in 0.00 ms.
Mono: successfully reloaded assembly
- Completed reload, in  1.172 seconds
Platform modules already initialized, skipping
Shader 'Universal Render Pipeline/Particles/Lit': fallback shader 'Universal Render Pipeline/Particles/SimpleLit' not found
Shader 'Universal Render Pipeline/Particles/Lit': fallback shader 'Universal Render Pipeline/Particles/SimpleLit' not found
Refreshing native plugins compatible for Editor in 0.40 ms, found 0 plugins.
Preloading 0 native plugins for Editor in 0.00 ms.
Unloading 2346 Unused Serialized files (Serialized files now loaded: 0)
System memory in use before: 109.7 MB.
System memory in use after: 106.9 MB.

Unloading 40 unused Assets to reduce memory usage. Loaded Objects now: 2838.
Total: 6.096100 ms (FindLiveObjects: 0.497800 ms CreateObjectMapping: 0.257000 ms MarkObjects: 2.986400 ms  DeleteObjects: 2.353600 ms)

========================================================================
Received Prepare
Registering precompiled user dll's ...
Registered in 0.001535 seconds.
Begin MonoManager ReloadAssembly
Native extension for WindowsStandalone target not found
Native extension for WebGL target not found
Refreshing native plugins compatible for Editor in 0.44 ms, found 0 plugins.
Preloading 0 native plugins for Editor in 0.00 ms.
Mono: successfully reloaded assembly
- Completed reload, in  1.100 seconds
Platform modules already initialized, skipping
Shader 'Universal Render Pipeline/Particles/Lit': fallback shader 'Universal Render Pipeline/Particles/SimpleLit' not found
Shader 'Universal Render Pipeline/Particles/Lit': fallback shader 'Universal Render Pipeline/Particles/SimpleLit' not found
Refreshing native plugins compatible for Editor in 0.55 ms, found 0 plugins.
Preloading 0 native plugins for Editor in 0.00 ms.
Unloading 2346 Unused Serialized files (Serialized files now loaded: 0)
System memory in use before: 109.6 MB.
System memory in use after: 106.9 MB.

Unloading 40 unused Assets to reduce memory usage. Loaded Objects now: 2841.
Total: 6.567900 ms (FindLiveObjects: 0.638500 ms CreateObjectMapping: 0.188100 ms MarkObjects: 3.376900 ms  DeleteObjects: 2.362300 ms)

========================================================================
Received Import Request.
  Time since last request: 365.294336 seconds.
  path: Assets/Scenes
  artifactKey: Guid(1a282eda938457f4384f4211d360ee87) Importer(815301076,1909f56bfc062723c751e8b465ee728b)
Start importing Assets/Scenes using Guid(1a282eda938457f4384f4211d360ee87) Importer(815301076,1909f56bfc062723c751e8b465ee728b)  -> (artifact id: 'a972378efa06230fe693a33a718e9604') in 0.014291 seconds
  Import took 0.019335 seconds .

========================================================================
Received Import Request.
  Time since last request: 5.765648 seconds.
  path: Assets/Scripts
  artifactKey: Guid(286579a909dfebc4e802d4f2f8e89105) Importer(815301076,1909f56bfc062723c751e8b465ee728b)
Start importing Assets/Scripts using Guid(286579a909dfebc4e802d4f2f8e89105) Importer(815301076,1909f56bfc062723c751e8b465ee728b)  -> (artifact id: '876c29c2be04587a272430277b911fdf') in 0.010585 seconds
  Import took 0.016725 seconds .

========================================================================
Received Import Request.
  Time since last request: 8.077028 seconds.
  path: Assets/Scripts/Ball.cs
  artifactKey: Guid(26707d106f0ab4042b6c303c28e69284) Importer(815301076,1909f56bfc062723c751e8b465ee728b)
Start importing Assets/Scripts/Ball.cs using Guid(26707d106f0ab4042b6c303c28e69284) Importer(815301076,1909f56bfc062723c751e8b465ee728b)  -> (artifact id: '9ff0b49f62399c9820f63798b98dee12') in 0.023207 seconds
  Import took 0.029850 seconds .

========================================================================
Received Prepare
Registering precompiled user dll's ...
Registered in 0.001606 seconds.
Begin MonoManager ReloadAssembly
Native extension for WindowsStandalone target not found
Native extension for WebGL target not found
Refreshing native plugins compatible for Editor in 0.39 ms, found 0 plugins.
Preloading 0 native plugins for Editor in 0.00 ms.
Mono: successfully reloaded assembly
- Completed reload, in  1.046 seconds
Platform modules already initialized, skipping
Shader 'Universal Render Pipeline/Particles/Lit': fallback shader 'Universal Render Pipeline/Particles/SimpleLit' not found
Shader 'Universal Render Pipeline/Particles/Lit': fallback shader 'Universal Render Pipeline/Particles/SimpleLit' not found
Refreshing native plugins compatible for Editor in 0.40 ms, found 0 plugins.
Preloading 0 native plugins for Editor in 0.00 ms.
Unloading 2347 Unused Serialized files (Serialized files now loaded: 0)
System memory in use before: 109.6 MB.
System memory in use after: 106.8 MB.

Unloading 40 unused Assets to reduce memory usage. Loaded Objects now: 2845.
Total: 4.395700 ms (FindLiveObjects: 0.271800 ms CreateObjectMapping: 0.142300 ms MarkObjects: 2.165500 ms  DeleteObjects: 1.815100 ms)

========================================================================
Received Import Request.
  Time since last request: 96.772180 seconds.
  path: Assets/Scripts/Ball.cs
  artifactKey: Guid(26707d106f0ab4042b6c303c28e69284) Importer(815301076,1909f56bfc062723c751e8b465ee728b)
Start importing Assets/Scripts/Ball.cs using Guid(26707d106f0ab4042b6c303c28e69284) Importer(815301076,1909f56bfc062723c751e8b465ee728b)  -> (artifact id: '37d7a770caa1e710e31b93b57f621c28') in 0.010848 seconds
  Import took 0.017699 seconds .

========================================================================
Received Prepare
Registering precompiled user dll's ...
Registered in 0.002001 seconds.
Begin MonoManager ReloadAssembly
Native extension for WindowsStandalone target not found
Native extension for WebGL target not found
Refreshing native plugins compatible for Editor in 0.41 ms, found 0 plugins.
Preloading 0 native plugins for Editor in 0.00 ms.
Mono: successfully reloaded assembly
- Completed reload, in  1.127 seconds
Platform modules already initialized, skipping
Shader 'Universal Render Pipeline/Particles/Lit': fallback shader 'Universal Render Pipeline/Particles/SimpleLit' not found
Shader 'Universal Render Pipeline/Particles/Lit': fallback shader 'Universal Render Pipeline/Particles/SimpleLit' not found
Refreshing native plugins compatible for Editor in 0.41 ms, found 0 plugins.
Preloading 0 native plugins for Editor in 0.00 ms.
Unloading 2347 Unused Serialized files (Serialized files now loaded: 0)
System memory in use before: 109.7 MB.
System memory in use after: 106.9 MB.

Unloading 40 unused Assets to reduce memory usage. Loaded Objects now: 2848.
Total: 7.066500 ms (FindLiveObjects: 0.462500 ms CreateObjectMapping: 0.190000 ms MarkObjects: 4.166300 ms  DeleteObjects: 2.245700 ms)

========================================================================
Received Prepare
Registering precompiled user dll's ...
Registered in 0.001774 seconds.
Begin MonoManager ReloadAssembly
Native extension for WindowsStandalone target not found
Native extension for WebGL target not found
Refreshing native plugins compatible for Editor in 0.80 ms, found 0 plugins.
Preloading 0 native plugins for Editor in 0.00 ms.
Mono: successfully reloaded assembly
- Completed reload, in  1.176 seconds
Platform modules already initialized, skipping
Shader 'Universal Render Pipeline/Particles/Lit': fallback shader 'Universal Render Pipeline/Particles/SimpleLit' not found
Shader 'Universal Render Pipeline/Particles/Lit': fallback shader 'Universal Render Pipeline/Particles/SimpleLit' not found
Refreshing native plugins compatible for Editor in 0.40 ms, found 0 plugins.
Preloading 0 native plugins for Editor in 0.00 ms.
Unloading 2347 Unused Serialized files (Serialized files now loaded: 0)
System memory in use before: 109.7 MB.
System memory in use after: 106.9 MB.

Unloading 40 unused Assets to reduce memory usage. Loaded Objects now: 2851.
Total: 4.218800 ms (FindLiveObjects: 0.283700 ms CreateObjectMapping: 0.159500 ms MarkObjects: 2.027700 ms  DeleteObjects: 1.746700 ms)

========================================================================
Received Prepare
Registering precompiled user dll's ...
Registered in 0.001714 seconds.
Begin MonoManager ReloadAssembly
Native extension for WindowsStandalone target not found
Native extension for WebGL target not found
Refreshing native plugins compatible for Editor in 0.48 ms, found 0 plugins.
Preloading 0 native plugins for Editor in 0.00 ms.
Mono: successfully reloaded assembly
- Completed reload, in  1.105 seconds
Platform modules already initialized, skipping
Shader 'Universal Render Pipeline/Particles/Lit': fallback shader 'Universal Render Pipeline/Particles/SimpleLit' not found
Shader 'Universal Render Pipeline/Particles/Lit': fallback shader 'Universal Render Pipeline/Particles/SimpleLit' not found
Refreshing native plugins compatible for Editor in 0.50 ms, found 0 plugins.
Preloading 0 native plugins for Editor in 0.00 ms.
Unloading 2347 Unused Serialized files (Serialized files now loaded: 0)
System memory in use before: 109.7 MB.
System memory in use after: 107.0 MB.

Unloading 40 unused Assets to reduce memory usage. Loaded Objects now: 2854.
Total: 4.163900 ms (FindLiveObjects: 0.381700 ms CreateObjectMapping: 0.233800 ms MarkObjects: 1.934800 ms  DeleteObjects: 1.612200 ms)

========================================================================
Received Import Request.
  Time since last request: 88.332406 seconds.
  path: Assets/Materials
  artifactKey: Guid(c096fe096054eaf4d962af376651dd69) Importer(815301076,1909f56bfc062723c751e8b465ee728b)
Start importing Assets/Materials using Guid(c096fe096054eaf4d962af376651dd69) Importer(815301076,1909f56bfc062723c751e8b465ee728b)  -> (artifact id: '17f0aff06701df08ab89ade2ed65fbf2') in 0.010512 seconds
  Import took 0.017873 seconds .

========================================================================
Received Import Request.
  Time since last request: 6.140148 seconds.
  path: Assets/Materials/Ball.mat
  artifactKey: Guid(17ae87ab82370204aae275802d3611be) Importer(815301076,1909f56bfc062723c751e8b465ee728b)
Start importing Assets/Materials/Ball.mat using Guid(17ae87ab82370204aae275802d3611be) Importer(815301076,1909f56bfc062723c751e8b465ee728b)  -> (artifact id: 'c8ba132c9a0c2d3c0132945e1cd9dd4a') in 0.309974 seconds
  Import took 0.315752 seconds .

========================================================================
Received Import Request.
  Time since last request: 11.448908 seconds.
  path: Assets/Materials/BallMat.physicMaterial
  artifactKey: Guid(791156dce34e9c944af29bff66907755) Importer(815301076,1909f56bfc062723c751e8b465ee728b)
Start importing Assets/Materials/BallMat.physicMaterial using Guid(791156dce34e9c944af29bff66907755) Importer(815301076,1909f56bfc062723c751e8b465ee728b)  -> (artifact id: '2f889f42ec91dfa3208d796e94b86166') in 0.012899 seconds
  Import took 0.018770 seconds .

========================================================================
Received Import Request.
  Time since last request: 0.003762 seconds.
  path: Assets/Materials/BallMat.physicMaterial
  artifactKey: Guid(791156dce34e9c944af29bff66907755) Importer(815301076,1909f56bfc062723c751e8b465ee728b)
Start importing Assets/Materials/BallMat.physicMaterial using Guid(791156dce34e9c944af29bff66907755) Importer(815301076,1909f56bfc062723c751e8b465ee728b)  -> (artifact id: '2f889f42ec91dfa3208d796e94b86166') in 0.004483 seconds
  Import took 0.010859 seconds .

========================================================================
Received Import Request.
  Time since last request: 6.353654 seconds.
  path: Assets/Materials/BallMat.physicMaterial
  artifactKey: Guid(791156dce34e9c944af29bff66907755) Importer(815301076,1909f56bfc062723c751e8b465ee728b)
Start importing Assets/Materials/BallMat.physicMaterial using Guid(791156dce34e9c944af29bff66907755) Importer(815301076,1909f56bfc062723c751e8b465ee728b)  -> (artifact id: 'fa27efb06219152fb9d57f1e12961de7') in 0.006560 seconds
  Import took 0.016428 seconds .

========================================================================
Received Import Request.
  Time since last request: 0.004085 seconds.
  path: Assets/Materials/BallMat.physicMaterial
  artifactKey: Guid(791156dce34e9c944af29bff66907755) Importer(815301076,1909f56bfc062723c751e8b465ee728b)
Start importing Assets/Materials/BallMat.physicMaterial using Guid(791156dce34e9c944af29bff66907755) Importer(815301076,1909f56bfc062723c751e8b465ee728b)  -> (artifact id: 'fa27efb06219152fb9d57f1e12961de7') in 0.004821 seconds
  Import took 0.010790 seconds .

========================================================================
Received Import Request.
  Time since last request: 19.325307 seconds.
  path: Assets/Materials/BallMat.physicsMaterial2D
  artifactKey: Guid(e233169134e83ad429987e56cdfed4f8) Importer(815301076,1909f56bfc062723c751e8b465ee728b)
Start importing Assets/Materials/BallMat.physicsMaterial2D using Guid(e233169134e83ad429987e56cdfed4f8) Importer(815301076,1909f56bfc062723c751e8b465ee728b)  -> (artifact id: '5e4057ff7fbae19d305261820580aab4') in 0.005619 seconds
  Import took 0.011080 seconds .

========================================================================
Received Import Request.
  Time since last request: 0.006001 seconds.
  path: Assets/Materials/BallMat.physicsMaterial2D
  artifactKey: Guid(e233169134e83ad429987e56cdfed4f8) Importer(815301076,1909f56bfc062723c751e8b465ee728b)
Start importing Assets/Materials/BallMat.physicsMaterial2D using Guid(e233169134e83ad429987e56cdfed4f8) Importer(815301076,1909f56bfc062723c751e8b465ee728b)  -> (artifact id: '5e4057ff7fbae19d305261820580aab4') in 0.004247 seconds
  Import took 0.010173 seconds .

========================================================================
Received Import Request.
  Time since last request: 6.789774 seconds.
  path: Assets/Materials/BallMat.physicsMaterial2D
  artifactKey: Guid(e233169134e83ad429987e56cdfed4f8) Importer(815301076,1909f56bfc062723c751e8b465ee728b)
Start importing Assets/Materials/BallMat.physicsMaterial2D using Guid(e233169134e83ad429987e56cdfed4f8) Importer(815301076,1909f56bfc062723c751e8b465ee728b)  -> (artifact id: '89cd3c7d1b6ea9e21a884eaa784e38ba') in 0.004705 seconds
  Import took 0.010667 seconds .

========================================================================
Received Import Request.
  Time since last request: 0.009278 seconds.
  path: Assets/Materials/BallMat.physicsMaterial2D
  artifactKey: Guid(e233169134e83ad429987e56cdfed4f8) Importer(815301076,1909f56bfc062723c751e8b465ee728b)
Start importing Assets/Materials/BallMat.physicsMaterial2D using Guid(e233169134e83ad429987e56cdfed4f8) Importer(815301076,1909f56bfc062723c751e8b465ee728b)  -> (artifact id: '89cd3c7d1b6ea9e21a884eaa784e38ba') in 0.004899 seconds
  Import took 0.012692 seconds .

========================================================================
Received Prepare
Registering precompiled user dll's ...
Registered in 0.001798 seconds.
Begin MonoManager ReloadAssembly
Native extension for WindowsStandalone target not found
Native extension for WebGL target not found
Refreshing native plugins compatible for Editor in 0.48 ms, found 0 plugins.
Preloading 0 native plugins for Editor in 0.00 ms.
Mono: successfully reloaded assembly
- Completed reload, in  1.213 seconds
Platform modules already initialized, skipping
Shader 'Universal Render Pipeline/Particles/Lit': fallback shader 'Universal Render Pipeline/Particles/SimpleLit' not found
Shader 'Universal Render Pipeline/Particles/Lit': fallback shader 'Universal Render Pipeline/Particles/SimpleLit' not found
Refreshing native plugins compatible for Editor in 0.50 ms, found 0 plugins.
Preloading 0 native plugins for Editor in 0.00 ms.
Unloading 2347 Unused Serialized files (Serialized files now loaded: 0)
System memory in use before: 115.2 MB.
System memory in use after: 112.4 MB.

Unloading 40 unused Assets to reduce memory usage. Loaded Objects now: 2935.
Total: 8.816900 ms (FindLiveObjects: 0.500000 ms CreateObjectMapping: 0.264600 ms MarkObjects: 5.689000 ms  DeleteObjects: 2.360600 ms)

========================================================================
Received Prepare
Registering precompiled user dll's ...
Registered in 0.002666 seconds.
Begin MonoManager ReloadAssembly
Native extension for WindowsStandalone target not found
Native extension for WebGL target not found
Refreshing native plugins compatible for Editor in 0.68 ms, found 0 plugins.
Preloading 0 native plugins for Editor in 0.00 ms.
Mono: successfully reloaded assembly
- Completed reload, in  1.258 seconds
Platform modules already initialized, skipping
Shader 'Universal Render Pipeline/Particles/Lit': fallback shader 'Universal Render Pipeline/Particles/SimpleLit' not found
Shader 'Universal Render Pipeline/Particles/Lit': fallback shader 'Universal Render Pipeline/Particles/SimpleLit' not found
Refreshing native plugins compatible for Editor in 0.40 ms, found 0 plugins.
Preloading 0 native plugins for Editor in 0.00 ms.
Unloading 2347 Unused Serialized files (Serialized files now loaded: 0)
System memory in use before: 115.1 MB.
System memory in use after: 112.3 MB.

Unloading 40 unused Assets to reduce memory usage. Loaded Objects now: 2938.
Total: 4.516500 ms (FindLiveObjects: 0.441200 ms CreateObjectMapping: 0.172500 ms MarkObjects: 2.242300 ms  DeleteObjects: 1.659200 ms)

========================================================================
Received Prepare
Registering precompiled user dll's ...
Registered in 0.001531 seconds.
Begin MonoManager ReloadAssembly
Native extension for WindowsStandalone target not found
Native extension for WebGL target not found
Refreshing native plugins compatible for Editor in 0.61 ms, found 0 plugins.
Preloading 0 native plugins for Editor in 0.00 ms.
Mono: successfully reloaded assembly
- Completed reload, in  1.167 seconds
Platform modules already initialized, skipping
Shader 'Universal Render Pipeline/Particles/Lit': fallback shader 'Universal Render Pipeline/Particles/SimpleLit' not found
Shader 'Universal Render Pipeline/Particles/Lit': fallback shader 'Universal Render Pipeline/Particles/SimpleLit' not found
Refreshing native plugins compatible for Editor in 0.61 ms, found 0 plugins.
Preloading 0 native plugins for Editor in 0.00 ms.
Unloading 2347 Unused Serialized files (Serialized files now loaded: 0)
System memory in use before: 115.2 MB.
System memory in use after: 112.4 MB.

Unloading 40 unused Assets to reduce memory usage. Loaded Objects now: 2941.
Total: 5.011200 ms (FindLiveObjects: 0.443800 ms CreateObjectMapping: 0.183700 ms MarkObjects: 2.372500 ms  DeleteObjects: 2.009900 ms)

========================================================================
Received Prepare
Registering precompiled user dll's ...
Registered in 0.001569 seconds.
Begin MonoManager ReloadAssembly
Native extension for WindowsStandalone target not found
Native extension for WebGL target not found
Refreshing native plugins compatible for Editor in 0.40 ms, found 0 plugins.
Preloading 0 native plugins for Editor in 0.00 ms.
Mono: successfully reloaded assembly
- Completed reload, in  1.071 seconds
Platform modules already initialized, skipping
Shader 'Universal Render Pipeline/Particles/Lit': fallback shader 'Universal Render Pipeline/Particles/SimpleLit' not found
Shader 'Universal Render Pipeline/Particles/Lit': fallback shader 'Universal Render Pipeline/Particles/SimpleLit' not found
Refreshing native plugins compatible for Editor in 0.44 ms, found 0 plugins.
Preloading 0 native plugins for Editor in 0.00 ms.
Unloading 2347 Unused Serialized files (Serialized files now loaded: 0)
System memory in use before: 115.2 MB.
System memory in use after: 112.4 MB.

Unloading 40 unused Assets to reduce memory usage. Loaded Objects now: 2944.
Total: 4.914800 ms (FindLiveObjects: 0.356000 ms CreateObjectMapping: 0.167600 ms MarkObjects: 2.531300 ms  DeleteObjects: 1.858700 ms)

========================================================================
Received Prepare
Registering precompiled user dll's ...
Registered in 0.001885 seconds.
Begin MonoManager ReloadAssembly
Native extension for WindowsStandalone target not found
Native extension for WebGL target not found
Refreshing native plugins compatible for Editor in 0.46 ms, found 0 plugins.
Preloading 0 native plugins for Editor in 0.00 ms.
Mono: successfully reloaded assembly
- Completed reload, in  1.148 seconds
Platform modules already initialized, skipping
Shader 'Universal Render Pipeline/Particles/Lit': fallback shader 'Universal Render Pipeline/Particles/SimpleLit' not found
Shader 'Universal Render Pipeline/Particles/Lit': fallback shader 'Universal Render Pipeline/Particles/SimpleLit' not found
Refreshing native plugins compatible for Editor in 0.41 ms, found 0 plugins.
Preloading 0 native plugins for Editor in 0.00 ms.
Unloading 2347 Unused Serialized files (Serialized files now loaded: 0)
System memory in use before: 115.2 MB.
System memory in use after: 112.4 MB.

Unloading 40 unused Assets to reduce memory usage. Loaded Objects now: 2947.
Total: 4.843600 ms (FindLiveObjects: 0.515300 ms CreateObjectMapping: 0.224300 ms MarkObjects: 2.306800 ms  DeleteObjects: 1.795600 ms)

========================================================================
Received Import Request.
  Time since last request: 566.388513 seconds.
  path: Assets/Materials/Background.mat
  artifactKey: Guid(edc67573136eee34590507bc0f839bc4) Importer(815301076,1909f56bfc062723c751e8b465ee728b)
Start importing Assets/Materials/Background.mat using Guid(edc67573136eee34590507bc0f839bc4) Importer(815301076,1909f56bfc062723c751e8b465ee728b)  -> (artifact id: 'f781448486cd921aa61778b3e9c328b9') in 0.203702 seconds
  Import took 0.209155 seconds .

========================================================================
Received Import Request.
  Time since last request: 59.496212 seconds.
  path: Assets/Materials/Background.mat
  artifactKey: Guid(edc67573136eee34590507bc0f839bc4) Importer(815301076,1909f56bfc062723c751e8b465ee728b)
Start importing Assets/Materials/Background.mat using Guid(edc67573136eee34590507bc0f839bc4) Importer(815301076,1909f56bfc062723c751e8b465ee728b)  -> (artifact id: '73e5e4c0fafa5695ed6329253f38a919') in 0.021261 seconds
  Import took 0.028081 seconds .

========================================================================
Received Import Request.
  Time since last request: 80.741607 seconds.
  path: Assets/Scripts/Paddle.cs
  artifactKey: Guid(5b72cb7479633b1479ea13bb87615b7b) Importer(815301076,1909f56bfc062723c751e8b465ee728b)
Start importing Assets/Scripts/Paddle.cs using Guid(5b72cb7479633b1479ea13bb87615b7b) Importer(815301076,1909f56bfc062723c751e8b465ee728b)  -> (artifact id: 'e99b6da761298ccacff9fa6addcff6d4') in 0.010832 seconds
  Import took 0.018969 seconds .

========================================================================
Received Import Request.
  Time since last request: 19.820248 seconds.
  path: Assets/Scripts/Paddle.cs
  artifactKey: Guid(5b72cb7479633b1479ea13bb87615b7b) Importer(815301076,1909f56bfc062723c751e8b465ee728b)
Start importing Assets/Scripts/Paddle.cs using Guid(5b72cb7479633b1479ea13bb87615b7b) Importer(815301076,1909f56bfc062723c751e8b465ee728b)  -> (artifact id: 'cce5270af2098196c6bbf23163974e75') in 0.003551 seconds
  Import took 0.009546 seconds .

========================================================================
Received Prepare
Registering precompiled user dll's ...
Registered in 0.002524 seconds.
Begin MonoManager ReloadAssembly
Native extension for WindowsStandalone target not found
Native extension for WebGL target not found
Refreshing native plugins compatible for Editor in 0.64 ms, found 0 plugins.
Preloading 0 native plugins for Editor in 0.00 ms.
Mono: successfully reloaded assembly
- Completed reload, in  1.222 seconds
Platform modules already initialized, skipping
Shader 'Universal Render Pipeline/Particles/Lit': fallback shader 'Universal Render Pipeline/Particles/SimpleLit' not found
Shader 'Universal Render Pipeline/Particles/Lit': fallback shader 'Universal Render Pipeline/Particles/SimpleLit' not found
Refreshing native plugins compatible for Editor in 0.52 ms, found 0 plugins.
Preloading 0 native plugins for Editor in 0.00 ms.
Unloading 2348 Unused Serialized files (Serialized files now loaded: 0)
System memory in use before: 115.4 MB.
System memory in use after: 112.6 MB.

Unloading 40 unused Assets to reduce memory usage. Loaded Objects now: 2987.
Total: 7.350000 ms (FindLiveObjects: 0.750200 ms CreateObjectMapping: 0.664100 ms MarkObjects: 3.707600 ms  DeleteObjects: 2.226600 ms)

========================================================================
Received Prepare
Registering precompiled user dll's ...
Registered in 0.003038 seconds.
Begin MonoManager ReloadAssembly
Native extension for WindowsStandalone target not found
Native extension for WebGL target not found
Refreshing native plugins compatible for Editor in 0.54 ms, found 0 plugins.
Preloading 0 native plugins for Editor in 0.00 ms.
Mono: successfully reloaded assembly
- Completed reload, in  1.127 seconds
Platform modules already initialized, skipping
Shader 'Universal Render Pipeline/Particles/Lit': fallback shader 'Universal Render Pipeline/Particles/SimpleLit' not found
Shader 'Universal Render Pipeline/Particles/Lit': fallback shader 'Universal Render Pipeline/Particles/SimpleLit' not found
Refreshing native plugins compatible for Editor in 0.49 ms, found 0 plugins.
Preloading 0 native plugins for Editor in 0.00 ms.
Unloading 2348 Unused Serialized files (Serialized files now loaded: 0)
System memory in use before: 115.3 MB.
System memory in use after: 112.5 MB.

Unloading 40 unused Assets to reduce memory usage. Loaded Objects now: 2990.
Total: 4.513200 ms (FindLiveObjects: 0.438400 ms CreateObjectMapping: 0.220700 ms MarkObjects: 2.178700 ms  DeleteObjects: 1.673500 ms)

========================================================================
Received Prepare
Registering precompiled user dll's ...
Registered in 0.001630 seconds.
Begin MonoManager ReloadAssembly
Native extension for WindowsStandalone target not found
Native extension for WebGL target not found
Refreshing native plugins compatible for Editor in 0.87 ms, found 0 plugins.
Preloading 0 native plugins for Editor in 0.00 ms.
Mono: successfully reloaded assembly
- Completed reload, in  1.239 seconds
Platform modules already initialized, skipping
Shader 'Universal Render Pipeline/Particles/Lit': fallback shader 'Universal Render Pipeline/Particles/SimpleLit' not found
Shader 'Universal Render Pipeline/Particles/Lit': fallback shader 'Universal Render Pipeline/Particles/SimpleLit' not found
Refreshing native plugins compatible for Editor in 0.41 ms, found 0 plugins.
Preloading 0 native plugins for Editor in 0.00 ms.
Unloading 2348 Unused Serialized files (Serialized files now loaded: 0)
System memory in use before: 115.4 MB.
System memory in use after: 112.6 MB.

Unloading 40 unused Assets to reduce memory usage. Loaded Objects now: 2993.
Total: 7.998600 ms (FindLiveObjects: 0.767400 ms CreateObjectMapping: 0.426900 ms MarkObjects: 4.270200 ms  DeleteObjects: 2.531600 ms)

========================================================================
Received Prepare
Registering precompiled user dll's ...
Registered in 0.002141 seconds.
Begin MonoManager ReloadAssembly
Native extension for WindowsStandalone target not found
Native extension for WebGL target not found
Refreshing native plugins compatible for Editor in 0.41 ms, found 0 plugins.
Preloading 0 native plugins for Editor in 0.00 ms.
Mono: successfully reloaded assembly
- Completed reload, in  1.066 seconds
Platform modules already initialized, skipping
Shader 'Universal Render Pipeline/Particles/Lit': fallback shader 'Universal Render Pipeline/Particles/SimpleLit' not found
Shader 'Universal Render Pipeline/Particles/Lit': fallback shader 'Universal Render Pipeline/Particles/SimpleLit' not found
Refreshing native plugins compatible for Editor in 0.41 ms, found 0 plugins.
Preloading 0 native plugins for Editor in 0.00 ms.
Unloading 2348 Unused Serialized files (Serialized files now loaded: 0)
System memory in use before: 115.4 MB.
System memory in use after: 112.6 MB.

Unloading 40 unused Assets to reduce memory usage. Loaded Objects now: 2996.
Total: 4.889600 ms (FindLiveObjects: 0.414400 ms CreateObjectMapping: 0.224000 ms MarkObjects: 2.434000 ms  DeleteObjects: 1.815300 ms)

========================================================================
Received Prepare
Registering precompiled user dll's ...
Registered in 0.001838 seconds.
Begin MonoManager ReloadAssembly
Native extension for WindowsStandalone target not found
Native extension for WebGL target not found
Refreshing native plugins compatible for Editor in 0.67 ms, found 0 plugins.
Preloading 0 native plugins for Editor in 0.00 ms.
Mono: successfully reloaded assembly
- Completed reload, in  1.461 seconds
Platform modules already initialized, skipping
Shader 'Universal Render Pipeline/Particles/Lit': fallback shader 'Universal Render Pipeline/Particles/SimpleLit' not found
Shader 'Universal Render Pipeline/Particles/Lit': fallback shader 'Universal Render Pipeline/Particles/SimpleLit' not found
Refreshing native plugins compatible for Editor in 0.56 ms, found 0 plugins.
Preloading 0 native plugins for Editor in 0.00 ms.
Unloading 2348 Unused Serialized files (Serialized files now loaded: 0)
System memory in use before: 115.4 MB.
System memory in use after: 112.6 MB.

Unloading 40 unused Assets to reduce memory usage. Loaded Objects now: 2999.
Total: 7.622300 ms (FindLiveObjects: 0.646100 ms CreateObjectMapping: 0.440000 ms MarkObjects: 3.293100 ms  DeleteObjects: 3.240900 ms)

========================================================================
Received Prepare
Registering precompiled user dll's ...
Registered in 0.002126 seconds.
Begin MonoManager ReloadAssembly
Native extension for WindowsStandalone target not found
Native extension for WebGL target not found
Refreshing native plugins compatible for Editor in 0.41 ms, found 0 plugins.
Preloading 0 native plugins for Editor in 0.00 ms.
Mono: successfully reloaded assembly
- Completed reload, in  1.154 seconds
Platform modules already initialized, skipping
Shader 'Universal Render Pipeline/Particles/Lit': fallback shader 'Universal Render Pipeline/Particles/SimpleLit' not found
Shader 'Universal Render Pipeline/Particles/Lit': fallback shader 'Universal Render Pipeline/Particles/SimpleLit' not found
Refreshing native plugins compatible for Editor in 0.42 ms, found 0 plugins.
Preloading 0 native plugins for Editor in 0.00 ms.
Unloading 2348 Unused Serialized files (Serialized files now loaded: 0)
System memory in use before: 115.4 MB.
System memory in use after: 112.6 MB.

Unloading 40 unused Assets to reduce memory usage. Loaded Objects now: 3002.
Total: 4.550800 ms (FindLiveObjects: 0.346300 ms CreateObjectMapping: 0.159900 ms MarkObjects: 2.252900 ms  DeleteObjects: 1.776400 ms)

========================================================================
Received Import Request.
  Time since last request: 755.764018 seconds.
  path: Assets/Materials/BallMat.physicsMaterial2D
  artifactKey: Guid(e233169134e83ad429987e56cdfed4f8) Importer(815301076,1909f56bfc062723c751e8b465ee728b)
Start importing Assets/Materials/BallMat.physicsMaterial2D using Guid(e233169134e83ad429987e56cdfed4f8) Importer(815301076,1909f56bfc062723c751e8b465ee728b)  -> (artifact id: '98776b8edad254b944eb89ae7cb2826e') in 0.020534 seconds
  Import took 0.027041 seconds .

========================================================================
Received Prepare
Registering precompiled user dll's ...
Registered in 0.001559 seconds.
Begin MonoManager ReloadAssembly
Native extension for WindowsStandalone target not found
Native extension for WebGL target not found
Refreshing native plugins compatible for Editor in 0.43 ms, found 0 plugins.
Preloading 0 native plugins for Editor in 0.00 ms.
Mono: successfully reloaded assembly
- Completed reload, in  1.195 seconds
Platform modules already initialized, skipping
Shader 'Universal Render Pipeline/Particles/Lit': fallback shader 'Universal Render Pipeline/Particles/SimpleLit' not found
Shader 'Universal Render Pipeline/Particles/Lit': fallback shader 'Universal Render Pipeline/Particles/SimpleLit' not found
Refreshing native plugins compatible for Editor in 0.41 ms, found 0 plugins.
Preloading 0 native plugins for Editor in 0.00 ms.
Unloading 2348 Unused Serialized files (Serialized files now loaded: 0)
System memory in use before: 115.3 MB.
System memory in use after: 112.5 MB.

Unloading 40 unused Assets to reduce memory usage. Loaded Objects now: 3005.
Total: 4.732200 ms (FindLiveObjects: 0.583400 ms CreateObjectMapping: 0.211600 ms MarkObjects: 2.229300 ms  DeleteObjects: 1.707000 ms)

========================================================================
Received Prepare
Registering precompiled user dll's ...
Registered in 0.002099 seconds.
Begin MonoManager ReloadAssembly
Native extension for WindowsStandalone target not found
Native extension for WebGL target not found
Refreshing native plugins compatible for Editor in 0.41 ms, found 0 plugins.
Preloading 0 native plugins for Editor in 0.00 ms.
Mono: successfully reloaded assembly
- Completed reload, in  1.199 seconds
Platform modules already initialized, skipping
Shader 'Universal Render Pipeline/Particles/Lit': fallback shader 'Universal Render Pipeline/Particles/SimpleLit' not found
Shader 'Universal Render Pipeline/Particles/Lit': fallback shader 'Universal Render Pipeline/Particles/SimpleLit' not found
Refreshing native plugins compatible for Editor in 0.42 ms, found 0 plugins.
Preloading 0 native plugins for Editor in 0.00 ms.
Unloading 2348 Unused Serialized files (Serialized files now loaded: 0)
System memory in use before: 115.4 MB.
System memory in use after: 112.7 MB.

Unloading 40 unused Assets to reduce memory usage. Loaded Objects now: 3008.
Total: 4.431200 ms (FindLiveObjects: 0.421500 ms CreateObjectMapping: 0.210000 ms MarkObjects: 2.056900 ms  DeleteObjects: 1.741200 ms)

========================================================================
Received Prepare
Registering precompiled user dll's ...
Registered in 0.001648 seconds.
Begin MonoManager ReloadAssembly
Native extension for WindowsStandalone target not found
Native extension for WebGL target not found
Refreshing native plugins compatible for Editor in 0.77 ms, found 0 plugins.
Preloading 0 native plugins for Editor in 0.00 ms.
Mono: successfully reloaded assembly
- Completed reload, in  1.222 seconds
Platform modules already initialized, skipping
Shader 'Universal Render Pipeline/Particles/Lit': fallback shader 'Universal Render Pipeline/Particles/SimpleLit' not found
Shader 'Universal Render Pipeline/Particles/Lit': fallback shader 'Universal Render Pipeline/Particles/SimpleLit' not found
Refreshing native plugins compatible for Editor in 0.57 ms, found 0 plugins.
Preloading 0 native plugins for Editor in 0.00 ms.
Unloading 2348 Unused Serialized files (Serialized files now loaded: 0)
System memory in use before: 115.4 MB.
System memory in use after: 112.7 MB.

Unloading 40 unused Assets to reduce memory usage. Loaded Objects now: 3011.
Total: 5.132200 ms (FindLiveObjects: 0.681300 ms CreateObjectMapping: 0.167100 ms MarkObjects: 2.357700 ms  DeleteObjects: 1.924500 ms)

========================================================================
Received Prepare
Registering precompiled user dll's ...
Registered in 0.001909 seconds.
Begin MonoManager ReloadAssembly
Native extension for WindowsStandalone target not found
Native extension for WebGL target not found
Refreshing native plugins compatible for Editor in 0.82 ms, found 0 plugins.
Preloading 0 native plugins for Editor in 0.00 ms.
Mono: successfully reloaded assembly
- Completed reload, in  1.203 seconds
Platform modules already initialized, skipping
Shader 'Universal Render Pipeline/Particles/Lit': fallback shader 'Universal Render Pipeline/Particles/SimpleLit' not found
Shader 'Universal Render Pipeline/Particles/Lit': fallback shader 'Universal Render Pipeline/Particles/SimpleLit' not found
Refreshing native plugins compatible for Editor in 0.57 ms, found 0 plugins.
Preloading 0 native plugins for Editor in 0.00 ms.
Unloading 2348 Unused Serialized files (Serialized files now loaded: 0)
System memory in use before: 115.4 MB.
System memory in use after: 112.7 MB.

Unloading 40 unused Assets to reduce memory usage. Loaded Objects now: 3014.
Total: 5.086600 ms (FindLiveObjects: 0.541700 ms CreateObjectMapping: 0.221500 ms MarkObjects: 2.352400 ms  DeleteObjects: 1.969900 ms)

========================================================================
Received Prepare
Registering precompiled user dll's ...
Registered in 0.002240 seconds.
Begin MonoManager ReloadAssembly
Native extension for WindowsStandalone target not found
Native extension for WebGL target not found
Refreshing native plugins compatible for Editor in 0.82 ms, found 0 plugins.
Preloading 0 native plugins for Editor in 0.00 ms.
Mono: successfully reloaded assembly
- Completed reload, in  1.331 seconds
Platform modules already initialized, skipping
Shader 'Universal Render Pipeline/Particles/Lit': fallback shader 'Universal Render Pipeline/Particles/SimpleLit' not found
Shader 'Universal Render Pipeline/Particles/Lit': fallback shader 'Universal Render Pipeline/Particles/SimpleLit' not found
Refreshing native plugins compatible for Editor in 0.45 ms, found 0 plugins.
Preloading 0 native plugins for Editor in 0.00 ms.
Unloading 2348 Unused Serialized files (Serialized files now loaded: 0)
System memory in use before: 115.4 MB.
System memory in use after: 112.7 MB.

Unloading 40 unused Assets to reduce memory usage. Loaded Objects now: 3017.
Total: 6.321300 ms (FindLiveObjects: 0.842000 ms CreateObjectMapping: 0.676200 ms MarkObjects: 2.620500 ms  DeleteObjects: 2.181200 ms)

========================================================================
Received Prepare
Registering precompiled user dll's ...
Registered in 0.001454 seconds.
Begin MonoManager ReloadAssembly
Native extension for WindowsStandalone target not found
Native extension for WebGL target not found
Refreshing native plugins compatible for Editor in 0.95 ms, found 0 plugins.
Preloading 0 native plugins for Editor in 0.00 ms.
Mono: successfully reloaded assembly
- Completed reload, in  1.199 seconds
Platform modules already initialized, skipping
Shader 'Universal Render Pipeline/Particles/Lit': fallback shader 'Universal Render Pipeline/Particles/SimpleLit' not found
Shader 'Universal Render Pipeline/Particles/Lit': fallback shader 'Universal Render Pipeline/Particles/SimpleLit' not found
Refreshing native plugins compatible for Editor in 0.45 ms, found 0 plugins.
Preloading 0 native plugins for Editor in 0.00 ms.
Unloading 2348 Unused Serialized files (Serialized files now loaded: 0)
System memory in use before: 115.3 MB.
System memory in use after: 112.6 MB.

Unloading 40 unused Assets to reduce memory usage. Loaded Objects now: 3020.
Total: 4.891300 ms (FindLiveObjects: 0.403000 ms CreateObjectMapping: 0.156600 ms MarkObjects: 2.439000 ms  DeleteObjects: 1.891700 ms)

========================================================================
Received Prepare
Registering precompiled user dll's ...
Registered in 0.001478 seconds.
Begin MonoManager ReloadAssembly
Native extension for WindowsStandalone target not found
Native extension for WebGL target not found
Refreshing native plugins compatible for Editor in 0.41 ms, found 0 plugins.
Preloading 0 native plugins for Editor in 0.00 ms.
Mono: successfully reloaded assembly
- Completed reload, in  1.246 seconds
Platform modules already initialized, skipping
Shader 'Universal Render Pipeline/Particles/Lit': fallback shader 'Universal Render Pipeline/Particles/SimpleLit' not found
Shader 'Universal Render Pipeline/Particles/Lit': fallback shader 'Universal Render Pipeline/Particles/SimpleLit' not found
Refreshing native plugins compatible for Editor in 0.48 ms, found 0 plugins.
Preloading 0 native plugins for Editor in 0.00 ms.
Unloading 2348 Unused Serialized files (Serialized files now loaded: 0)
System memory in use before: 115.4 MB.
System memory in use after: 112.7 MB.

Unloading 40 unused Assets to reduce memory usage. Loaded Objects now: 3023.
Total: 4.981800 ms (FindLiveObjects: 0.309400 ms CreateObjectMapping: 0.150700 ms MarkObjects: 2.614000 ms  DeleteObjects: 1.891900 ms)

========================================================================
Received Prepare
Registering precompiled user dll's ...
Registered in 0.001721 seconds.
Begin MonoManager ReloadAssembly
Native extension for WindowsStandalone target not found
Native extension for WebGL target not found
Refreshing native plugins compatible for Editor in 0.56 ms, found 0 plugins.
Preloading 0 native plugins for Editor in 0.00 ms.
Mono: successfully reloaded assembly
- Completed reload, in  1.137 seconds
Platform modules already initialized, skipping
Shader 'Universal Render Pipeline/Particles/Lit': fallback shader 'Universal Render Pipeline/Particles/SimpleLit' not found
Shader 'Universal Render Pipeline/Particles/Lit': fallback shader 'Universal Render Pipeline/Particles/SimpleLit' not found
Refreshing native plugins compatible for Editor in 0.44 ms, found 0 plugins.
Preloading 0 native plugins for Editor in 0.00 ms.
Unloading 2348 Unused Serialized files (Serialized files now loaded: 0)
System memory in use before: 115.5 MB.
System memory in use after: 112.7 MB.

Unloading 40 unused Assets to reduce memory usage. Loaded Objects now: 3026.
Total: 4.794100 ms (FindLiveObjects: 0.478700 ms CreateObjectMapping: 0.197400 ms MarkObjects: 2.365000 ms  DeleteObjects: 1.751800 ms)

========================================================================
Received Prepare
Registering precompiled user dll's ...
Registered in 0.002009 seconds.
Begin MonoManager ReloadAssembly
Native extension for WindowsStandalone target not found
Native extension for WebGL target not found
Refreshing native plugins compatible for Editor in 0.51 ms, found 0 plugins.
Preloading 0 native plugins for Editor in 0.00 ms.
Mono: successfully reloaded assembly
- Completed reload, in  1.189 seconds
Platform modules already initialized, skipping
Shader 'Universal Render Pipeline/Particles/Lit': fallback shader 'Universal Render Pipeline/Particles/SimpleLit' not found
Shader 'Universal Render Pipeline/Particles/Lit': fallback shader 'Universal Render Pipeline/Particles/SimpleLit' not found
Refreshing native plugins compatible for Editor in 0.93 ms, found 0 plugins.
Preloading 0 native plugins for Editor in 0.00 ms.
Unloading 2348 Unused Serialized files (Serialized files now loaded: 0)
System memory in use before: 115.4 MB.
System memory in use after: 112.7 MB.

Unloading 40 unused Assets to reduce memory usage. Loaded Objects now: 3029.
Total: 4.879100 ms (FindLiveObjects: 0.385900 ms CreateObjectMapping: 0.180300 ms MarkObjects: 2.374500 ms  DeleteObjects: 1.917900 ms)

========================================================================
Received Prepare
Registering precompiled user dll's ...
Registered in 0.001985 seconds.
Begin MonoManager ReloadAssembly
Native extension for WindowsStandalone target not found
Native extension for WebGL target not found
Refreshing native plugins compatible for Editor in 0.42 ms, found 0 plugins.
Preloading 0 native plugins for Editor in 0.00 ms.
Mono: successfully reloaded assembly
- Completed reload, in  1.262 seconds
Platform modules already initialized, skipping
Shader 'Universal Render Pipeline/Particles/Lit': fallback shader 'Universal Render Pipeline/Particles/SimpleLit' not found
Shader 'Universal Render Pipeline/Particles/Lit': fallback shader 'Universal Render Pipeline/Particles/SimpleLit' not found
Refreshing native plugins compatible for Editor in 0.49 ms, found 0 plugins.
Preloading 0 native plugins for Editor in 0.00 ms.
Unloading 2348 Unused Serialized files (Serialized files now loaded: 0)
System memory in use before: 115.4 MB.
System memory in use after: 112.7 MB.

Unloading 40 unused Assets to reduce memory usage. Loaded Objects now: 3032.
Total: 5.166500 ms (FindLiveObjects: 0.468300 ms CreateObjectMapping: 0.192700 ms MarkObjects: 2.653700 ms  DeleteObjects: 1.832200 ms)

========================================================================
Received Prepare
Registering precompiled user dll's ...
Registered in 0.001720 seconds.
Begin MonoManager ReloadAssembly
Native extension for WindowsStandalone target not found
Native extension for WebGL target not found
Refreshing native plugins compatible for Editor in 0.49 ms, found 0 plugins.
Preloading 0 native plugins for Editor in 0.00 ms.
Mono: successfully reloaded assembly
- Completed reload, in  1.315 seconds
Platform modules already initialized, skipping
Shader 'Universal Render Pipeline/Particles/Lit': fallback shader 'Universal Render Pipeline/Particles/SimpleLit' not found
Shader 'Universal Render Pipeline/Particles/Lit': fallback shader 'Universal Render Pipeline/Particles/SimpleLit' not found
Refreshing native plugins compatible for Editor in 0.42 ms, found 0 plugins.
Preloading 0 native plugins for Editor in 0.00 ms.
Unloading 2348 Unused Serialized files (Serialized files now loaded: 0)
System memory in use before: 115.4 MB.
System memory in use after: 112.6 MB.

Unloading 40 unused Assets to reduce memory usage. Loaded Objects now: 3035.
Total: 7.657100 ms (FindLiveObjects: 0.324200 ms CreateObjectMapping: 0.217300 ms MarkObjects: 4.283600 ms  DeleteObjects: 2.829900 ms)

========================================================================
Received Prepare
Registering precompiled user dll's ...
Registered in 0.001785 seconds.
Begin MonoManager ReloadAssembly
Native extension for WindowsStandalone target not found
Native extension for WebGL target not found
Refreshing native plugins compatible for Editor in 0.86 ms, found 0 plugins.
Preloading 0 native plugins for Editor in 0.00 ms.
Mono: successfully reloaded assembly
- Completed reload, in  1.415 seconds
Platform modules already initialized, skipping
Shader 'Universal Render Pipeline/Particles/Lit': fallback shader 'Universal Render Pipeline/Particles/SimpleLit' not found
Shader 'Universal Render Pipeline/Particles/Lit': fallback shader 'Universal Render Pipeline/Particles/SimpleLit' not found
Refreshing native plugins compatible for Editor in 0.48 ms, found 0 plugins.
Preloading 0 native plugins for Editor in 0.00 ms.
Unloading 2348 Unused Serialized files (Serialized files now loaded: 0)
System memory in use before: 115.5 MB.
System memory in use after: 112.7 MB.

Unloading 40 unused Assets to reduce memory usage. Loaded Objects now: 3038.
Total: 5.938400 ms (FindLiveObjects: 0.377300 ms CreateObjectMapping: 0.220000 ms MarkObjects: 2.938500 ms  DeleteObjects: 2.387400 ms)

========================================================================
Received Prepare
Registering precompiled user dll's ...
Registered in 0.001506 seconds.
Begin MonoManager ReloadAssembly
Native extension for WindowsStandalone target not found
Native extension for WebGL target not found
Refreshing native plugins compatible for Editor in 0.49 ms, found 0 plugins.
Preloading 0 native plugins for Editor in 0.00 ms.
Mono: successfully reloaded assembly
- Completed reload, in  1.226 seconds
Platform modules already initialized, skipping
Shader 'Universal Render Pipeline/Particles/Lit': fallback shader 'Universal Render Pipeline/Particles/SimpleLit' not found
Shader 'Universal Render Pipeline/Particles/Lit': fallback shader 'Universal Render Pipeline/Particles/SimpleLit' not found
Refreshing native plugins compatible for Editor in 0.46 ms, found 0 plugins.
Preloading 0 native plugins for Editor in 0.00 ms.
Unloading 2348 Unused Serialized files (Serialized files now loaded: 0)
System memory in use before: 115.5 MB.
System memory in use after: 112.7 MB.

Unloading 40 unused Assets to reduce memory usage. Loaded Objects now: 3041.
Total: 6.525200 ms (FindLiveObjects: 0.525900 ms CreateObjectMapping: 0.789800 ms MarkObjects: 2.756700 ms  DeleteObjects: 2.451300 ms)

========================================================================
Received Prepare
Registering precompiled user dll's ...
Registered in 0.001689 seconds.
Begin MonoManager ReloadAssembly
Native extension for WindowsStandalone target not found
Native extension for WebGL target not found
Refreshing native plugins compatible for Editor in 0.41 ms, found 0 plugins.
Preloading 0 native plugins for Editor in 0.00 ms.
Mono: successfully reloaded assembly
- Completed reload, in  1.220 seconds
Platform modules already initialized, skipping
Shader 'Universal Render Pipeline/Particles/Lit': fallback shader 'Universal Render Pipeline/Particles/SimpleLit' not found
Shader 'Universal Render Pipeline/Particles/Lit': fallback shader 'Universal Render Pipeline/Particles/SimpleLit' not found
Refreshing native plugins compatible for Editor in 0.41 ms, found 0 plugins.
Preloading 0 native plugins for Editor in 0.00 ms.
Unloading 2348 Unused Serialized files (Serialized files now loaded: 0)
System memory in use before: 115.5 MB.
System memory in use after: 112.7 MB.

Unloading 40 unused Assets to reduce memory usage. Loaded Objects now: 3044.
Total: 5.694200 ms (FindLiveObjects: 0.536900 ms CreateObjectMapping: 0.278100 ms MarkObjects: 3.127600 ms  DeleteObjects: 1.731800 ms)

========================================================================
Received Prepare
Registering precompiled user dll's ...
Registered in 0.001801 seconds.
Begin MonoManager ReloadAssembly
Native extension for WindowsStandalone target not found
Native extension for WebGL target not found
Refreshing native plugins compatible for Editor in 0.98 ms, found 0 plugins.
Preloading 0 native plugins for Editor in 0.00 ms.
Mono: successfully reloaded assembly
- Completed reload, in  1.484 seconds
Platform modules already initialized, skipping
Shader 'Universal Render Pipeline/Particles/Lit': fallback shader 'Universal Render Pipeline/Particles/SimpleLit' not found
Shader 'Universal Render Pipeline/Particles/Lit': fallback shader 'Universal Render Pipeline/Particles/SimpleLit' not found
Refreshing native plugins compatible for Editor in 0.42 ms, found 0 plugins.
Preloading 0 native plugins for Editor in 0.00 ms.
Unloading 2348 Unused Serialized files (Serialized files now loaded: 0)
System memory in use before: 115.5 MB.
System memory in use after: 112.7 MB.

Unloading 40 unused Assets to reduce memory usage. Loaded Objects now: 3047.
Total: 4.833800 ms (FindLiveObjects: 0.362100 ms CreateObjectMapping: 0.158400 ms MarkObjects: 2.489100 ms  DeleteObjects: 1.803900 ms)

========================================================================
Received Prepare
Registering precompiled user dll's ...
Registered in 0.002020 seconds.
Begin MonoManager ReloadAssembly
Native extension for WindowsStandalone target not found
Native extension for WebGL target not found
Refreshing native plugins compatible for Editor in 0.52 ms, found 0 plugins.
Preloading 0 native plugins for Editor in 0.00 ms.
Mono: successfully reloaded assembly
- Completed reload, in  1.256 seconds
Platform modules already initialized, skipping
Shader 'Universal Render Pipeline/Particles/Lit': fallback shader 'Universal Render Pipeline/Particles/SimpleLit' not found
Shader 'Universal Render Pipeline/Particles/Lit': fallback shader 'Universal Render Pipeline/Particles/SimpleLit' not found
Refreshing native plugins compatible for Editor in 0.81 ms, found 0 plugins.
Preloading 0 native plugins for Editor in 0.00 ms.
Unloading 2348 Unused Serialized files (Serialized files now loaded: 0)
System memory in use before: 115.4 MB.
System memory in use after: 112.7 MB.

Unloading 40 unused Assets to reduce memory usage. Loaded Objects now: 3050.
Total: 5.361000 ms (FindLiveObjects: 0.420300 ms CreateObjectMapping: 0.188100 ms MarkObjects: 2.654300 ms  DeleteObjects: 2.096600 ms)

========================================================================
Received Prepare
Registering precompiled user dll's ...
Registered in 0.001978 seconds.
Begin MonoManager ReloadAssembly
Native extension for WindowsStandalone target not found
Native extension for WebGL target not found
Refreshing native plugins compatible for Editor in 0.42 ms, found 0 plugins.
Preloading 0 native plugins for Editor in 0.00 ms.
Mono: successfully reloaded assembly
- Completed reload, in  1.215 seconds
Platform modules already initialized, skipping
Shader 'Universal Render Pipeline/Particles/Lit': fallback shader 'Universal Render Pipeline/Particles/SimpleLit' not found
Shader 'Universal Render Pipeline/Particles/Lit': fallback shader 'Universal Render Pipeline/Particles/SimpleLit' not found
Refreshing native plugins compatible for Editor in 0.47 ms, found 0 plugins.
Preloading 0 native plugins for Editor in 0.00 ms.
Unloading 2348 Unused Serialized files (Serialized files now loaded: 0)
System memory in use before: 115.5 MB.
System memory in use after: 112.8 MB.

Unloading 40 unused Assets to reduce memory usage. Loaded Objects now: 3053.
Total: 5.466800 ms (FindLiveObjects: 0.540100 ms CreateObjectMapping: 0.250800 ms MarkObjects: 2.806000 ms  DeleteObjects: 1.868600 ms)

========================================================================
Received Prepare
Registering precompiled user dll's ...
Registered in 0.001539 seconds.
Begin MonoManager ReloadAssembly
Native extension for WindowsStandalone target not found
Native extension for WebGL target not found
Refreshing native plugins compatible for Editor in 0.46 ms, found 0 plugins.
Preloading 0 native plugins for Editor in 0.00 ms.
Mono: successfully reloaded assembly
- Completed reload, in  1.191 seconds
Platform modules already initialized, skipping
Shader 'Universal Render Pipeline/Particles/Lit': fallback shader 'Universal Render Pipeline/Particles/SimpleLit' not found
Shader 'Universal Render Pipeline/Particles/Lit': fallback shader 'Universal Render Pipeline/Particles/SimpleLit' not found
Refreshing native plugins compatible for Editor in 0.46 ms, found 0 plugins.
Preloading 0 native plugins for Editor in 0.00 ms.
Unloading 2348 Unused Serialized files (Serialized files now loaded: 0)
System memory in use before: 115.5 MB.
System memory in use after: 112.8 MB.

Unloading 40 unused Assets to reduce memory usage. Loaded Objects now: 3056.
Total: 6.714000 ms (FindLiveObjects: 0.461400 ms CreateObjectMapping: 0.182700 ms MarkObjects: 3.479300 ms  DeleteObjects: 2.588500 ms)

========================================================================
Received Prepare
Registering precompiled user dll's ...
Registered in 0.001940 seconds.
Begin MonoManager ReloadAssembly
Native extension for WindowsStandalone target not found
Native extension for WebGL target not found
Refreshing native plugins compatible for Editor in 0.42 ms, found 0 plugins.
Preloading 0 native plugins for Editor in 0.00 ms.
Mono: successfully reloaded assembly
- Completed reload, in  1.159 seconds
Platform modules already initialized, skipping
Shader 'Universal Render Pipeline/Particles/Lit': fallback shader 'Universal Render Pipeline/Particles/SimpleLit' not found
Shader 'Universal Render Pipeline/Particles/Lit': fallback shader 'Universal Render Pipeline/Particles/SimpleLit' not found
Refreshing native plugins compatible for Editor in 0.64 ms, found 0 plugins.
Preloading 0 native plugins for Editor in 0.00 ms.
Unloading 2348 Unused Serialized files (Serialized files now loaded: 0)
System memory in use before: 115.5 MB.
System memory in use after: 112.8 MB.

Unloading 40 unused Assets to reduce memory usage. Loaded Objects now: 3059.
Total: 4.787700 ms (FindLiveObjects: 0.618400 ms CreateObjectMapping: 0.219100 ms MarkObjects: 2.143300 ms  DeleteObjects: 1.805300 ms)

========================================================================
Received Prepare
Registering precompiled user dll's ...
Registered in 0.002077 seconds.
Begin MonoManager ReloadAssembly
Native extension for WindowsStandalone target not found
Native extension for WebGL target not found
Refreshing native plugins compatible for Editor in 0.41 ms, found 0 plugins.
Preloading 0 native plugins for Editor in 0.00 ms.
Mono: successfully reloaded assembly
- Completed reload, in  1.166 seconds
Platform modules already initialized, skipping
Shader 'Universal Render Pipeline/Particles/Lit': fallback shader 'Universal Render Pipeline/Particles/SimpleLit' not found
Shader 'Universal Render Pipeline/Particles/Lit': fallback shader 'Universal Render Pipeline/Particles/SimpleLit' not found
Refreshing native plugins compatible for Editor in 0.45 ms, found 0 plugins.
Preloading 0 native plugins for Editor in 0.00 ms.
Unloading 2348 Unused Serialized files (Serialized files now loaded: 0)
System memory in use before: 115.6 MB.
System memory in use after: 112.8 MB.

Unloading 40 unused Assets to reduce memory usage. Loaded Objects now: 3062.
Total: 5.507900 ms (FindLiveObjects: 0.356300 ms CreateObjectMapping: 0.155900 ms MarkObjects: 2.961300 ms  DeleteObjects: 2.032800 ms)

========================================================================
Received Prepare
Registering precompiled user dll's ...
Registered in 0.001655 seconds.
Begin MonoManager ReloadAssembly
Native extension for WindowsStandalone target not found
Native extension for WebGL target not found
Refreshing native plugins compatible for Editor in 0.70 ms, found 0 plugins.
Preloading 0 native plugins for Editor in 0.00 ms.
Mono: successfully reloaded assembly
- Completed reload, in  1.460 seconds
Platform modules already initialized, skipping
Shader 'Universal Render Pipeline/Particles/Lit': fallback shader 'Universal Render Pipeline/Particles/SimpleLit' not found
Shader 'Universal Render Pipeline/Particles/Lit': fallback shader 'Universal Render Pipeline/Particles/SimpleLit' not found
Refreshing native plugins compatible for Editor in 0.40 ms, found 0 plugins.
Preloading 0 native plugins for Editor in 0.00 ms.
Unloading 2348 Unused Serialized files (Serialized files now loaded: 0)
System memory in use before: 115.4 MB.
System memory in use after: 112.7 MB.

Unloading 40 unused Assets to reduce memory usage. Loaded Objects now: 3065.
Total: 4.768700 ms (FindLiveObjects: 0.283800 ms CreateObjectMapping: 0.118100 ms MarkObjects: 2.465200 ms  DeleteObjects: 1.900500 ms)

========================================================================
Received Import Request.
  Time since last request: 1172.371679 seconds.
  path: Assets/Scripts/PlayerInput.cs
  artifactKey: Guid(ba239bff2a76a6043b1986022a887904) Importer(815301076,1909f56bfc062723c751e8b465ee728b)
Start importing Assets/Scripts/PlayerInput.cs using Guid(ba239bff2a76a6043b1986022a887904) Importer(815301076,1909f56bfc062723c751e8b465ee728b)  -> (artifact id: '38b4a284d6d2a30900905523de75eaa2') in 0.023253 seconds
  Import took 0.032433 seconds .

========================================================================
Received Import Request.
  Time since last request: 53.024786 seconds.
  path: Assets/Scripts/PlayerInput.cs
  artifactKey: Guid(ba239bff2a76a6043b1986022a887904) Importer(815301076,1909f56bfc062723c751e8b465ee728b)
Start importing Assets/Scripts/PlayerInput.cs using Guid(ba239bff2a76a6043b1986022a887904) Importer(815301076,1909f56bfc062723c751e8b465ee728b)  -> (artifact id: 'ef4d97af8359c3b9b63c575b1102a9e4') in 0.004164 seconds
  Import took 0.012543 seconds .

========================================================================
Received Import Request.
  Time since last request: 9.166037 seconds.
  path: Assets/Scripts/PlayerInput.cs
  artifactKey: Guid(ba239bff2a76a6043b1986022a887904) Importer(815301076,1909f56bfc062723c751e8b465ee728b)
Start importing Assets/Scripts/PlayerInput.cs using Guid(ba239bff2a76a6043b1986022a887904) Importer(815301076,1909f56bfc062723c751e8b465ee728b)  -> (artifact id: '3a2d5ae74d071aa6d4ccbf07e021c756') in 0.003752 seconds
  Import took 0.010384 seconds .

========================================================================
Received Prepare
Registering precompiled user dll's ...
Registered in 0.002081 seconds.
Begin MonoManager ReloadAssembly
Native extension for WindowsStandalone target not found
Native extension for WebGL target not found
Refreshing native plugins compatible for Editor in 0.40 ms, found 0 plugins.
Preloading 0 native plugins for Editor in 0.00 ms.
Mono: successfully reloaded assembly
- Completed reload, in  1.139 seconds
Platform modules already initialized, skipping
Shader 'Universal Render Pipeline/Particles/Lit': fallback shader 'Universal Render Pipeline/Particles/SimpleLit' not found
Shader 'Universal Render Pipeline/Particles/Lit': fallback shader 'Universal Render Pipeline/Particles/SimpleLit' not found
Refreshing native plugins compatible for Editor in 0.40 ms, found 0 plugins.
Preloading 0 native plugins for Editor in 0.00 ms.
Unloading 2349 Unused Serialized files (Serialized files now loaded: 0)
System memory in use before: 115.6 MB.
System memory in use after: 112.8 MB.

Unloading 40 unused Assets to reduce memory usage. Loaded Objects now: 3069.
Total: 5.506800 ms (FindLiveObjects: 0.468500 ms CreateObjectMapping: 0.152800 ms MarkObjects: 2.947100 ms  DeleteObjects: 1.936800 ms)

========================================================================
Received Import Request.
  Time since last request: 93.287497 seconds.
  path: Assets/Scripts/PlayerInput.cs
  artifactKey: Guid(ba239bff2a76a6043b1986022a887904) Importer(815301076,1909f56bfc062723c751e8b465ee728b)
Start importing Assets/Scripts/PlayerInput.cs using Guid(ba239bff2a76a6043b1986022a887904) Importer(815301076,1909f56bfc062723c751e8b465ee728b)  -> (artifact id: '219a2c951a23c75cce2b4c6612cd74ed') in 0.011129 seconds
  Import took 0.017842 seconds .

========================================================================
Received Prepare
Registering precompiled user dll's ...
Registered in 0.002057 seconds.
Begin MonoManager ReloadAssembly
Native extension for WindowsStandalone target not found
Native extension for WebGL target not found
Refreshing native plugins compatible for Editor in 0.44 ms, found 0 plugins.
Preloading 0 native plugins for Editor in 0.00 ms.
Mono: successfully reloaded assembly
- Completed reload, in  1.243 seconds
Platform modules already initialized, skipping
Shader 'Universal Render Pipeline/Particles/Lit': fallback shader 'Universal Render Pipeline/Particles/SimpleLit' not found
Shader 'Universal Render Pipeline/Particles/Lit': fallback shader 'Universal Render Pipeline/Particles/SimpleLit' not found
Refreshing native plugins compatible for Editor in 1.10 ms, found 0 plugins.
Preloading 0 native plugins for Editor in 0.00 ms.
Unloading 2349 Unused Serialized files (Serialized files now loaded: 0)
System memory in use before: 115.5 MB.
System memory in use after: 112.8 MB.

Unloading 40 unused Assets to reduce memory usage. Loaded Objects now: 3072.
Total: 4.713400 ms (FindLiveObjects: 0.354800 ms CreateObjectMapping: 0.173400 ms MarkObjects: 2.422800 ms  DeleteObjects: 1.761100 ms)

========================================================================
Received Import Request.
  Time since last request: 6.279838 seconds.
  path: Assets/Scripts/PlayerInput.cs
  artifactKey: Guid(ba239bff2a76a6043b1986022a887904) Importer(815301076,1909f56bfc062723c751e8b465ee728b)
Start importing Assets/Scripts/PlayerInput.cs using Guid(ba239bff2a76a6043b1986022a887904) Importer(815301076,1909f56bfc062723c751e8b465ee728b)  -> (artifact id: 'cf0a5d08d93f57adccb5ff67008b11c7') in 0.008182 seconds
  Import took 0.013733 seconds .

========================================================================
Received Prepare
Registering precompiled user dll's ...
Registered in 0.001582 seconds.
Begin MonoManager ReloadAssembly
Native extension for WindowsStandalone target not found
Native extension for WebGL target not found
Refreshing native plugins compatible for Editor in 0.47 ms, found 0 plugins.
Preloading 0 native plugins for Editor in 0.00 ms.
Mono: successfully reloaded assembly
- Completed reload, in  1.217 seconds
Platform modules already initialized, skipping
Shader 'Universal Render Pipeline/Particles/Lit': fallback shader 'Universal Render Pipeline/Particles/SimpleLit' not found
Shader 'Universal Render Pipeline/Particles/Lit': fallback shader 'Universal Render Pipeline/Particles/SimpleLit' not found
Refreshing native plugins compatible for Editor in 0.72 ms, found 0 plugins.
Preloading 0 native plugins for Editor in 0.00 ms.
Unloading 2349 Unused Serialized files (Serialized files now loaded: 0)
System memory in use before: 115.5 MB.
System memory in use after: 112.8 MB.

Unloading 40 unused Assets to reduce memory usage. Loaded Objects now: 3075.
Total: 4.612700 ms (FindLiveObjects: 0.560100 ms CreateObjectMapping: 0.276000 ms MarkObjects: 2.074400 ms  DeleteObjects: 1.700700 ms)

========================================================================
Received Prepare
Registering precompiled user dll's ...
Registered in 0.001602 seconds.
Begin MonoManager ReloadAssembly
Native extension for WindowsStandalone target not found
Native extension for WebGL target not found
Refreshing native plugins compatible for Editor in 0.80 ms, found 0 plugins.
Preloading 0 native plugins for Editor in 0.00 ms.
Mono: successfully reloaded assembly
- Completed reload, in  1.333 seconds
Platform modules already initialized, skipping
Shader 'Universal Render Pipeline/Particles/Lit': fallback shader 'Universal Render Pipeline/Particles/SimpleLit' not found
Shader 'Universal Render Pipeline/Particles/Lit': fallback shader 'Universal Render Pipeline/Particles/SimpleLit' not found
Refreshing native plugins compatible for Editor in 0.45 ms, found 0 plugins.
Preloading 0 native plugins for Editor in 0.00 ms.
Unloading 2349 Unused Serialized files (Serialized files now loaded: 0)
System memory in use before: 115.6 MB.
System memory in use after: 112.8 MB.

Unloading 40 unused Assets to reduce memory usage. Loaded Objects now: 3078.
Total: 5.567600 ms (FindLiveObjects: 0.589400 ms CreateObjectMapping: 0.211000 ms MarkObjects: 2.740900 ms  DeleteObjects: 2.024600 ms)

========================================================================
Received Prepare
Registering precompiled user dll's ...
Registered in 0.001641 seconds.
Begin MonoManager ReloadAssembly
Native extension for WindowsStandalone target not found
Native extension for WebGL target not found
Refreshing native plugins compatible for Editor in 0.43 ms, found 0 plugins.
Preloading 0 native plugins for Editor in 0.00 ms.
Mono: successfully reloaded assembly
- Completed reload, in  1.164 seconds
Platform modules already initialized, skipping
Shader 'Universal Render Pipeline/Particles/Lit': fallback shader 'Universal Render Pipeline/Particles/SimpleLit' not found
Shader 'Universal Render Pipeline/Particles/Lit': fallback shader 'Universal Render Pipeline/Particles/SimpleLit' not found
Refreshing native plugins compatible for Editor in 0.56 ms, found 0 plugins.
Preloading 0 native plugins for Editor in 0.00 ms.
Unloading 2349 Unused Serialized files (Serialized files now loaded: 0)
System memory in use before: 115.5 MB.
System memory in use after: 112.7 MB.

Unloading 40 unused Assets to reduce memory usage. Loaded Objects now: 3081.
Total: 5.448200 ms (FindLiveObjects: 0.453200 ms CreateObjectMapping: 0.172400 ms MarkObjects: 2.720800 ms  DeleteObjects: 2.100600 ms)

========================================================================
Received Prepare
Registering precompiled user dll's ...
Registered in 0.002207 seconds.
Begin MonoManager ReloadAssembly
Native extension for WindowsStandalone target not found
Native extension for WebGL target not found
Refreshing native plugins compatible for Editor in 0.75 ms, found 0 plugins.
Preloading 0 native plugins for Editor in 0.00 ms.
Mono: successfully reloaded assembly
- Completed reload, in  1.197 seconds
Platform modules already initialized, skipping
Shader 'Universal Render Pipeline/Particles/Lit': fallback shader 'Universal Render Pipeline/Particles/SimpleLit' not found
Shader 'Universal Render Pipeline/Particles/Lit': fallback shader 'Universal Render Pipeline/Particles/SimpleLit' not found
Refreshing native plugins compatible for Editor in 0.40 ms, found 0 plugins.
Preloading 0 native plugins for Editor in 0.00 ms.
Unloading 2349 Unused Serialized files (Serialized files now loaded: 0)
System memory in use before: 115.6 MB.
System memory in use after: 112.8 MB.

Unloading 40 unused Assets to reduce memory usage. Loaded Objects now: 3084.
Total: 4.936600 ms (FindLiveObjects: 0.770800 ms CreateObjectMapping: 0.273500 ms MarkObjects: 2.192000 ms  DeleteObjects: 1.699100 ms)

========================================================================
Received Prepare
Registering precompiled user dll's ...
Registered in 0.001438 seconds.
Begin MonoManager ReloadAssembly
Native extension for WindowsStandalone target not found
Native extension for WebGL target not found
Refreshing native plugins compatible for Editor in 0.63 ms, found 0 plugins.
Preloading 0 native plugins for Editor in 0.00 ms.
Mono: successfully reloaded assembly
- Completed reload, in  1.210 seconds
Platform modules already initialized, skipping
Shader 'Universal Render Pipeline/Particles/Lit': fallback shader 'Universal Render Pipeline/Particles/SimpleLit' not found
Shader 'Universal Render Pipeline/Particles/Lit': fallback shader 'Universal Render Pipeline/Particles/SimpleLit' not found
Refreshing native plugins compatible for Editor in 0.58 ms, found 0 plugins.
Preloading 0 native plugins for Editor in 0.00 ms.
Unloading 2349 Unused Serialized files (Serialized files now loaded: 0)
System memory in use before: 115.6 MB.
System memory in use after: 112.8 MB.

Unloading 40 unused Assets to reduce memory usage. Loaded Objects now: 3087.
Total: 6.852500 ms (FindLiveObjects: 0.565800 ms CreateObjectMapping: 0.320500 ms MarkObjects: 3.997600 ms  DeleteObjects: 1.966800 ms)

========================================================================
Received Prepare
Registering precompiled user dll's ...
Registered in 0.002152 seconds.
Begin MonoManager ReloadAssembly
Native extension for WindowsStandalone target not found
Native extension for WebGL target not found
Refreshing native plugins compatible for Editor in 0.57 ms, found 0 plugins.
Preloading 0 native plugins for Editor in 0.00 ms.
Mono: successfully reloaded assembly
- Completed reload, in  1.483 seconds
Platform modules already initialized, skipping
Shader 'Universal Render Pipeline/Particles/Lit': fallback shader 'Universal Render Pipeline/Particles/SimpleLit' not found
Shader 'Universal Render Pipeline/Particles/Lit': fallback shader 'Universal Render Pipeline/Particles/SimpleLit' not found
Refreshing native plugins compatible for Editor in 0.40 ms, found 0 plugins.
Preloading 0 native plugins for Editor in 0.00 ms.
Unloading 2349 Unused Serialized files (Serialized files now loaded: 0)
System memory in use before: 115.6 MB.
System memory in use after: 112.9 MB.

Unloading 40 unused Assets to reduce memory usage. Loaded Objects now: 3090.
Total: 4.976700 ms (FindLiveObjects: 0.534900 ms CreateObjectMapping: 0.281700 ms MarkObjects: 2.391100 ms  DeleteObjects: 1.766800 ms)

========================================================================
Received Prepare
Registering precompiled user dll's ...
Registered in 0.001662 seconds.
Begin MonoManager ReloadAssembly
Native extension for WindowsStandalone target not found
Native extension for WebGL target not found
Refreshing native plugins compatible for Editor in 0.45 ms, found 0 plugins.
Preloading 0 native plugins for Editor in 0.00 ms.
Mono: successfully reloaded assembly
- Completed reload, in  1.234 seconds
Platform modules already initialized, skipping
Shader 'Universal Render Pipeline/Particles/Lit': fallback shader 'Universal Render Pipeline/Particles/SimpleLit' not found
Shader 'Universal Render Pipeline/Particles/Lit': fallback shader 'Universal Render Pipeline/Particles/SimpleLit' not found
Refreshing native plugins compatible for Editor in 0.40 ms, found 0 plugins.
Preloading 0 native plugins for Editor in 0.00 ms.
Unloading 2349 Unused Serialized files (Serialized files now loaded: 0)
System memory in use before: 115.6 MB.
System memory in use after: 112.9 MB.

Unloading 40 unused Assets to reduce memory usage. Loaded Objects now: 3093.
Total: 4.679800 ms (FindLiveObjects: 0.343500 ms CreateObjectMapping: 0.144300 ms MarkObjects: 2.319500 ms  DeleteObjects: 1.871100 ms)

========================================================================
Received Prepare
Registering precompiled user dll's ...
Registered in 0.001751 seconds.
Begin MonoManager ReloadAssembly
Native extension for WindowsStandalone target not found
Native extension for WebGL target not found
Refreshing native plugins compatible for Editor in 0.53 ms, found 0 plugins.
Preloading 0 native plugins for Editor in 0.00 ms.
Mono: successfully reloaded assembly
- Completed reload, in  1.223 seconds
Platform modules already initialized, skipping
Shader 'Universal Render Pipeline/Particles/Lit': fallback shader 'Universal Render Pipeline/Particles/SimpleLit' not found
Shader 'Universal Render Pipeline/Particles/Lit': fallback shader 'Universal Render Pipeline/Particles/SimpleLit' not found
Refreshing native plugins compatible for Editor in 0.45 ms, found 0 plugins.
Preloading 0 native plugins for Editor in 0.00 ms.
Unloading 2349 Unused Serialized files (Serialized files now loaded: 0)
System memory in use before: 115.6 MB.
System memory in use after: 112.8 MB.

Unloading 40 unused Assets to reduce memory usage. Loaded Objects now: 3096.
Total: 4.947800 ms (FindLiveObjects: 0.385100 ms CreateObjectMapping: 0.159900 ms MarkObjects: 2.713100 ms  DeleteObjects: 1.688500 ms)

========================================================================
Received Prepare
Registering precompiled user dll's ...
Registered in 0.001953 seconds.
Begin MonoManager ReloadAssembly
Native extension for WindowsStandalone target not found
Native extension for WebGL target not found
Refreshing native plugins compatible for Editor in 0.50 ms, found 0 plugins.
Preloading 0 native plugins for Editor in 0.00 ms.
Mono: successfully reloaded assembly
- Completed reload, in  1.389 seconds
Platform modules already initialized, skipping
Shader 'Universal Render Pipeline/Particles/Lit': fallback shader 'Universal Render Pipeline/Particles/SimpleLit' not found
Shader 'Universal Render Pipeline/Particles/Lit': fallback shader 'Universal Render Pipeline/Particles/SimpleLit' not found
Refreshing native plugins compatible for Editor in 0.45 ms, found 0 plugins.
Preloading 0 native plugins for Editor in 0.00 ms.
Unloading 2349 Unused Serialized files (Serialized files now loaded: 0)
System memory in use before: 115.7 MB.
System memory in use after: 112.9 MB.

Unloading 40 unused Assets to reduce memory usage. Loaded Objects now: 3099.
Total: 6.545500 ms (FindLiveObjects: 0.513900 ms CreateObjectMapping: 0.209900 ms MarkObjects: 3.409500 ms  DeleteObjects: 2.410900 ms)

========================================================================
Received Prepare
Registering precompiled user dll's ...
Registered in 0.001710 seconds.
Begin MonoManager ReloadAssembly
Native extension for WindowsStandalone target not found
Native extension for WebGL target not found
Refreshing native plugins compatible for Editor in 0.41 ms, found 0 plugins.
Preloading 0 native plugins for Editor in 0.00 ms.
Mono: successfully reloaded assembly
- Completed reload, in  1.268 seconds
Platform modules already initialized, skipping
Shader 'Universal Render Pipeline/Particles/Lit': fallback shader 'Universal Render Pipeline/Particles/SimpleLit' not found
Shader 'Universal Render Pipeline/Particles/Lit': fallback shader 'Universal Render Pipeline/Particles/SimpleLit' not found
Refreshing native plugins compatible for Editor in 0.41 ms, found 0 plugins.
Preloading 0 native plugins for Editor in 0.00 ms.
Unloading 2349 Unused Serialized files (Serialized files now loaded: 0)
System memory in use before: 115.7 MB.
System memory in use after: 112.9 MB.

Unloading 40 unused Assets to reduce memory usage. Loaded Objects now: 3102.
Total: 4.610100 ms (FindLiveObjects: 0.423400 ms CreateObjectMapping: 0.179000 ms MarkObjects: 2.326000 ms  DeleteObjects: 1.680300 ms)

========================================================================
Received Prepare
Registering precompiled user dll's ...
Registered in 0.001471 seconds.
Begin MonoManager ReloadAssembly
Native extension for WindowsStandalone target not found
Native extension for WebGL target not found
Refreshing native plugins compatible for Editor in 0.40 ms, found 0 plugins.
Preloading 0 native plugins for Editor in 0.00 ms.
Mono: successfully reloaded assembly
- Completed reload, in  1.151 seconds
Platform modules already initialized, skipping
Shader 'Universal Render Pipeline/Particles/Lit': fallback shader 'Universal Render Pipeline/Particles/SimpleLit' not found
Shader 'Universal Render Pipeline/Particles/Lit': fallback shader 'Universal Render Pipeline/Particles/SimpleLit' not found
Refreshing native plugins compatible for Editor in 0.43 ms, found 0 plugins.
Preloading 0 native plugins for Editor in 0.00 ms.
Unloading 2349 Unused Serialized files (Serialized files now loaded: 0)
System memory in use before: 115.6 MB.
System memory in use after: 112.9 MB.

Unloading 40 unused Assets to reduce memory usage. Loaded Objects now: 3105.
Total: 4.621300 ms (FindLiveObjects: 0.361900 ms CreateObjectMapping: 0.150900 ms MarkObjects: 2.328900 ms  DeleteObjects: 1.777800 ms)

========================================================================
Received Prepare
Registering precompiled user dll's ...
Registered in 0.002852 seconds.
Begin MonoManager ReloadAssembly
Native extension for WindowsStandalone target not found
Native extension for WebGL target not found
Refreshing native plugins compatible for Editor in 0.66 ms, found 0 plugins.
Preloading 0 native plugins for Editor in 0.00 ms.
Mono: successfully reloaded assembly
- Completed reload, in  1.342 seconds
Platform modules already initialized, skipping
Shader 'Universal Render Pipeline/Particles/Lit': fallback shader 'Universal Render Pipeline/Particles/SimpleLit' not found
Shader 'Universal Render Pipeline/Particles/Lit': fallback shader 'Universal Render Pipeline/Particles/SimpleLit' not found
Refreshing native plugins compatible for Editor in 0.41 ms, found 0 plugins.
Preloading 0 native plugins for Editor in 0.00 ms.
Unloading 2349 Unused Serialized files (Serialized files now loaded: 0)
System memory in use before: 115.7 MB.
System memory in use after: 112.9 MB.

Unloading 40 unused Assets to reduce memory usage. Loaded Objects now: 3108.
Total: 5.060200 ms (FindLiveObjects: 0.352000 ms CreateObjectMapping: 0.234900 ms MarkObjects: 2.577200 ms  DeleteObjects: 1.894900 ms)

========================================================================
Received Prepare
Registering precompiled user dll's ...
Registered in 0.002221 seconds.
Begin MonoManager ReloadAssembly
Native extension for WindowsStandalone target not found
Native extension for WebGL target not found
Refreshing native plugins compatible for Editor in 0.41 ms, found 0 plugins.
Preloading 0 native plugins for Editor in 0.00 ms.
Mono: successfully reloaded assembly
- Completed reload, in  1.313 seconds
Platform modules already initialized, skipping
Shader 'Universal Render Pipeline/Particles/Lit': fallback shader 'Universal Render Pipeline/Particles/SimpleLit' not found
Shader 'Universal Render Pipeline/Particles/Lit': fallback shader 'Universal Render Pipeline/Particles/SimpleLit' not found
Refreshing native plugins compatible for Editor in 0.45 ms, found 0 plugins.
Preloading 0 native plugins for Editor in 0.00 ms.
Unloading 2349 Unused Serialized files (Serialized files now loaded: 0)
System memory in use before: 115.6 MB.
System memory in use after: 112.8 MB.

Unloading 40 unused Assets to reduce memory usage. Loaded Objects now: 3111.
Total: 5.010700 ms (FindLiveObjects: 0.497100 ms CreateObjectMapping: 0.127500 ms MarkObjects: 2.419700 ms  DeleteObjects: 1.965300 ms)

